<?xml version="1.0" encoding="UTF-8"?>
<testng-results ignored="0" total="2" passed="2" failed="0" skipped="0">
  <reporter-output>
  </reporter-output>
  <suite started-at="2023-06-02T15:02:15 IST" name="Default suite" finished-at="2023-06-02T15:02:51 IST" duration-ms="35586">
    <groups>
    </groups>
    <test started-at="2023-06-02T15:02:15 IST" name="Default test" finished-at="2023-06-02T15:02:51 IST" duration-ms="35586">
      <class name="com.practice.day7_4">
        <test-method signature="Login()[pri:0, instance:com.practice.day7_4@7205765b]" started-at="2023-06-02T15:02:15 IST" name="Login" finished-at="2023-06-02T15:02:47 IST" duration-ms="31422" status="PASS">
          <reporter-output>
          </reporter-output>
        </test-method> <!-- Login -->
        <test-method signature="Logout()[pri:0, instance:com.practice.day7_4@7205765b]" started-at="2023-06-02T15:02:47 IST" name="Logout" finished-at="2023-06-02T15:02:51 IST" depends-on-methods="com.practice.day7_4.Login" duration-ms="4123" status="PASS">
          <reporter-output>
          </reporter-output>
        </test-method> <!-- Logout -->
      </class> <!-- com.practice.day7_4 -->
    </test> <!-- Default test -->
  </suite> <!-- Default suite -->
</testng-results>
