<?xml version="1.0" encoding="UTF-8"?>
<testng-results ignored="0" total="1" passed="1" failed="0" skipped="0">
  <reporter-output>
  </reporter-output>
  <suite started-at="2023-06-13T11:59:00 IST" name="Default suite" finished-at="2023-06-13T11:59:45 IST" duration-ms="44169">
    <groups>
    </groups>
    <test started-at="2023-06-13T11:59:00 IST" name="Default test" finished-at="2023-06-13T11:59:45 IST" duration-ms="44169">
      <class name="com.practice.day8_5">
        <test-method signature="f()[pri:0, instance:com.practice.day8_5@3f6b0be5]" started-at="2023-06-13T11:59:00 IST" name="f" finished-at="2023-06-13T11:59:45 IST" duration-ms="44126" status="PASS">
          <reporter-output>
          </reporter-output>
        </test-method> <!-- f -->
      </class> <!-- com.practice.day8_5 -->
    </test> <!-- Default test -->
  </suite> <!-- Default suite -->
</testng-results>
